05-25 12:47:56 com_github_MitjaNemec_ReplicateLayout.action_replicate_layout 359:Plugin executed on: 'win32'
05-25 12:47:56 com_github_MitjaNemec_ReplicateLayout.action_replicate_layout 360:Plugin executed with python version: '3.9.14 (main, Feb 13 2023, 04:48:26) [MSC v.1934 64 bit (AMD64)]'
05-25 12:47:56 com_github_MitjaNemec_ReplicateLayout.action_replicate_layout 361:KiCad build version: 7.0.1
05-25 12:47:56 com_github_MitjaNemec_ReplicateLayout.action_replicate_layout 362:Plugin version: 2.0.10
05-25 12:47:56 com_github_MitjaNemec_ReplicateLayout.action_replicate_layout 363:Frame repr: <wx._core.Frame object at 0x000001401BCD3E50>
05-25 12:47:56 com_github_MitjaNemec_ReplicateLayout.action_replicate_layout 387:Preparing replicator with L601 as a reference
05-25 12:47:56 com_github_MitjaNemec_ReplicateLayout.replicate_layout 113:getting a list of all footprints on board
05-25 12:47:56 com_github_MitjaNemec_ReplicateLayout.replicate_layout 132:Footprint kibuzzard-62CEF83D does not have Sheetfile property, it will not be replicated. Most likely it is only in layout
05-25 12:47:56 com_github_MitjaNemec_ReplicateLayout.replicate_layout 132:Footprint kibuzzard-62CEA511 does not have Sheetfile property, it will not be replicated. Most likely it is only in layout
05-25 12:47:56 com_github_MitjaNemec_ReplicateLayout.replicate_layout 132:Footprint kibuzzard-62CEA547 does not have Sheetfile property, it will not be replicated. Most likely it is only in layout
05-25 12:47:56 com_github_MitjaNemec_ReplicateLayout.replicate_layout 132:Footprint kibuzzard-62CEA520 does not have Sheetfile property, it will not be replicated. Most likely it is only in layout
05-25 12:47:56 com_github_MitjaNemec_ReplicateLayout.replicate_layout 132:Footprint G*** does not have Sheetfile property, it will not be replicated. Most likely it is only in layout
05-25 12:47:56 com_github_MitjaNemec_ReplicateLayout.replicate_layout 132:Footprint kibuzzard-62CEF826 does not have Sheetfile property, it will not be replicated. Most likely it is only in layout
05-25 12:47:56 com_github_MitjaNemec_ReplicateLayout.replicate_layout 132:Footprint kibuzzard-62A80B88 does not have Sheetfile property, it will not be replicated. Most likely it is only in layout
05-25 12:47:56 com_github_MitjaNemec_ReplicateLayout.action_replicate_layout 435:source anchor footprint is 'L601'
Located on: ['Phase1']
With filenames: ['InverterLeg.kicad_sch']
With sheet_id:['Phase1']
05-25 12:47:56 com_github_MitjaNemec_ReplicateLayout.action_replicate_layout 442:Corresponding footprints are 
[('L701', ['Phase2']), ('L801', ['Phase3']), ('L601', ['Phase1'])]
05-25 12:47:56 com_github_MitjaNemec_ReplicateLayout.action_replicate_layout 454:Showing dialog
05-25 12:47:56 com_github_MitjaNemec_ReplicateLayout.replicate_layout 390:constructing a list of sheets suitable for replication on level:'Phase1', file:'InverterLeg.kicad_sch'
05-25 12:47:56 com_github_MitjaNemec_ReplicateLayout.replicate_layout 427:suitable sheets are:[['Phase2'], ['Phase3']]
05-25 12:47:56 com_github_MitjaNemec_ReplicateLayout.replicate_layout 1347:Level selected: ['Phase1']
05-25 12:47:56 com_github_MitjaNemec_ReplicateLayout.replicate_layout 1182:Filtering list of tracks
05-25 12:47:56 com_github_MitjaNemec_ReplicateLayout.action_replicate_layout 460:Toolbar position: wx.Point(3803, 80)
05-25 12:47:56 com_github_MitjaNemec_ReplicateLayout.action_replicate_layout 465:Dialog position: wx.Point(3439, 80)
05-25 12:47:58 com_github_MitjaNemec_ReplicateLayout.replicate_layout 390:constructing a list of sheets suitable for replication on level:'Phase1', file:'InverterLeg.kicad_sch'
05-25 12:47:58 com_github_MitjaNemec_ReplicateLayout.replicate_layout 427:suitable sheets are:[['Phase2'], ['Phase3']]
05-25 12:47:58 com_github_MitjaNemec_ReplicateLayout.replicate_layout 1347:Level selected: ['Phase1']
05-25 12:47:58 com_github_MitjaNemec_ReplicateLayout.replicate_layout 390:constructing a list of sheets suitable for replication on level:'Phase1', file:'InverterLeg.kicad_sch'
05-25 12:47:58 com_github_MitjaNemec_ReplicateLayout.replicate_layout 427:suitable sheets are:[['Phase2'], ['Phase3']]
05-25 12:47:58 com_github_MitjaNemec_ReplicateLayout.replicate_layout 1347:Level selected: ['Phase1']
05-25 12:47:58 com_github_MitjaNemec_ReplicateLayout.replicate_layout 390:constructing a list of sheets suitable for replication on level:'Phase1', file:'InverterLeg.kicad_sch'
05-25 12:47:58 com_github_MitjaNemec_ReplicateLayout.replicate_layout 427:suitable sheets are:[['Phase2'], ['Phase3']]
05-25 12:47:59 com_github_MitjaNemec_ReplicateLayout.replicate_layout 1347:Level selected: ['Phase1']
05-25 12:47:59 com_github_MitjaNemec_ReplicateLayout.replicate_layout 390:constructing a list of sheets suitable for replication on level:'Phase1', file:'InverterLeg.kicad_sch'
05-25 12:47:59 com_github_MitjaNemec_ReplicateLayout.replicate_layout 427:suitable sheets are:[['Phase2'], ['Phase3']]
05-25 12:47:59 com_github_MitjaNemec_ReplicateLayout.replicate_layout 1347:Level selected: ['Phase1']
05-25 12:48:01 com_github_MitjaNemec_ReplicateLayout.replicate_layout 390:constructing a list of sheets suitable for replication on level:'Phase1', file:'InverterLeg.kicad_sch'
05-25 12:48:01 com_github_MitjaNemec_ReplicateLayout.replicate_layout 427:suitable sheets are:[['Phase2'], ['Phase3']]
05-25 12:48:01 com_github_MitjaNemec_ReplicateLayout.action_replicate_layout 207:Replicating layout
05-25 12:48:01 com_github_MitjaNemec_ReplicateLayout.replicate_layout 236:Starting replication of sheets: [['Phase2'], ['Phase3']]
on level: ['Phase1']
with tracks=False, zone=False, text=False, text=False, intersecting=False, remove=True, locked footprints=False, group_only=False
05-25 12:48:01 root 299:updating GUI message: 'Preparing for replication'
05-25 12:48:01 root 304:updating GUI with: 0
05-25 12:48:01 com_github_MitjaNemec_ReplicateLayout.replicate_layout 306:Getting the list of source footprints
05-25 12:48:01 com_github_MitjaNemec_ReplicateLayout.replicate_layout 316:Getting the list of all the remaining footprints
05-25 12:48:01 com_github_MitjaNemec_ReplicateLayout.replicate_layout 323:Getting source tracks
05-25 12:48:01 com_github_MitjaNemec_ReplicateLayout.replicate_layout 1182:Filtering list of tracks
05-25 12:48:01 com_github_MitjaNemec_ReplicateLayout.replicate_layout 327:Getting source zones
05-25 12:48:01 root 304:updating GUI with: 50
05-25 12:48:01 com_github_MitjaNemec_ReplicateLayout.replicate_layout 331:Getting source text items
05-25 12:48:01 com_github_MitjaNemec_ReplicateLayout.replicate_layout 335:Getting source drawing items
05-25 12:48:01 com_github_MitjaNemec_ReplicateLayout.replicate_layout 268:Removing tracks and zones, before footprint placement
05-25 12:48:01 root 299:updating GUI message: 'Removing zones and tracks'
05-25 12:48:01 root 304:updating GUI with: 0
05-25 12:48:01 com_github_MitjaNemec_ReplicateLayout.replicate_layout 1128:Remove bounding box top:80053068, bottom:181030000, Left:87865001, Right:278710000
05-25 12:48:01 root 304:updating GUI with: 50
05-25 12:48:01 com_github_MitjaNemec_ReplicateLayout.replicate_layout 1128:Remove bounding box top:80263068, bottom:181240000, Left:115490001, Right:306335000
05-25 12:48:01 root 299:updating GUI message: 'Replicating footprints'
05-25 12:48:01 root 304:updating GUI with: 0
05-25 12:48:01 com_github_MitjaNemec_ReplicateLayout.replicate_layout 739:Replicating footprints
05-25 12:48:01 com_github_MitjaNemec_ReplicateLayout.replicate_layout 745:Replicating footprints on sheet ['Phase2']
05-25 12:48:01 root 304:updating GUI with: 29
05-25 12:48:01 com_github_MitjaNemec_ReplicateLayout.replicate_layout 745:Replicating footprints on sheet ['Phase3']
05-25 12:48:01 root 304:updating GUI with: 69
05-25 12:48:01 com_github_MitjaNemec_ReplicateLayout.replicate_layout 276:Removing tracks and zones, after footprint placement
05-25 12:48:01 root 299:updating GUI message: 'Removing zones and tracks'
05-25 12:48:01 com_github_MitjaNemec_ReplicateLayout.replicate_layout 1128:Remove bounding box top:80053068, bottom:181030000, Left:87865001, Right:278710000
05-25 12:48:01 root 304:updating GUI with: 50
05-25 12:48:01 com_github_MitjaNemec_ReplicateLayout.replicate_layout 1128:Remove bounding box top:80263068, bottom:181240000, Left:115490001, Right:306335000
05-25 12:48:02 com_github_MitjaNemec_ReplicateLayout.action_replicate_layout 223:Replication complete
